<?xml version="1.0" encoding="UTF-8"?>
<testsuite name="com.cmscure.sdk.ExampleUnitTest" tests="1" skipped="0" failures="0" errors="0" timestamp="2025-05-14T16:32:36" hostname="Hamzas-MacBook-Pro-2.local" time="0.001">
  <properties/>
  <testcase name="addition_isCorrect" classname="com.cmscure.sdk.ExampleUnitTest" time="0.001"/>
  <system-out><![CDATA[]]></system-out>
  <system-err><![CDATA[]]></system-err>
</testsuite>
